<?xml version="1.0" encoding="UTF-8"?>
<!-- Generated by org.testng.reporters.JUnitXMLReporter -->
<testsuite ignored="2" hostname="LAPTOP-GA4HMSSR" failures="0" tests="1" name="Default test" time="0.048" errors="0" timestamp="2022-09-01T01:23:06 IST">
  <testcase classname="com.TestNG.Group.Home_loan" name="MobileLoginHomeLoan" time="0.008"/>
  <testcase classname="com.TestNG.Group.Home_loan" name="WebLoginHomeLoan" time="0.0">
    <ignored/>
  </testcase> <!-- WebLoginHomeLoan -->
  <testcase classname="com.TestNG.Group.Home_loan" name="APILoginHomeLoan" time="0.0">
    <ignored/>
  </testcase> <!-- APILoginHomeLoan -->
</testsuite> <!-- Default test -->
