<?xml version="1.0" encoding="UTF-8"?>
<!-- Generated by org.testng.reporters.JUnitXMLReporter -->
<testsuite ignored="2" hostname="LAPTOP-GA4HMSSR" failures="0" tests="1" name="Car Loan" time="0.005" errors="0" timestamp="2022-09-01T01:31:12 IST">
  <testcase classname="com.TestNG.Group.Car_loan" name="APILoginCarLoan" time="0.001"/>
  <testcase classname="com.TestNG.Group.Car_loan" name="WebLoginCarLoan" time="0.0">
    <ignored/>
  </testcase> <!-- WebLoginCarLoan -->
  <testcase classname="com.TestNG.Group.Car_loan" name="MobileLoginCarLoan" time="0.0">
    <ignored/>
  </testcase> <!-- MobileLoginCarLoan -->
</testsuite> <!-- Car Loan -->
