<?xml version="1.0" encoding="UTF-8"?>
<!-- Generated by org.testng.reporters.JUnitXMLReporter -->
<testsuite ignored="3" hostname="LAPTOP-GA4HMSSR" failures="0" tests="0" time="0.017" errors="0" timestamp="2022-11-18T08:59:54 IST">
  <testcase classname="com.TestNG.Group.Personal_loan" name="WebLoginPersonalLoan" time="0.0">
    <ignored/>
  </testcase> <!-- WebLoginPersonalLoan -->
  <testcase classname="com.TestNG.Group.Personal_loan" name="MobileLoginPersonalLoan" time="0.0">
    <ignored/>
  </testcase> <!-- MobileLoginPersonalLoan -->
  <testcase classname="com.TestNG.Group.Personal_loan" name="APILoginPersonalLoan" time="0.0">
    <ignored/>
  </testcase> <!-- APILoginPersonalLoan -->
</testsuite>
