<?xml version="1.0" encoding="UTF-8"?>
<testng-results ignored="7" total="9" passed="2" failed="0" skipped="0">
  <reporter-output>
  </reporter-output>
  <suite started-at="2022-09-01T01:31:12 IST" name="Suite" finished-at="2022-09-01T01:31:12 IST" duration-ms="131">
    <groups>
      <group name="SmokeTest">
        <method signature="Personal_loan.WebLoginPersonalLoan()[pri:0, instance:com.TestNG.Group.Personal_loan@366647c2]" name="WebLoginPersonalLoan" class="com.TestNG.Group.Personal_loan"/>
        <method signature="Car_loan.APILoginCarLoan()[pri:0, instance:com.TestNG.Group.Car_loan@66498326]" name="APILoginCarLoan" class="com.TestNG.Group.Car_loan"/>
      </group> <!-- SmokeTest -->
    </groups>
    <test started-at="2022-09-01T01:31:12 IST" name="Personal Loan" finished-at="2022-09-01T01:31:12 IST" duration-ms="44">
      <class name="com.TestNG.Group.Personal_loan">
        <test-method signature="WebLoginPersonalLoan()[pri:0, instance:com.TestNG.Group.Personal_loan@366647c2]" started-at="2022-09-01T01:31:12 IST" name="WebLoginPersonalLoan" finished-at="2022-09-01T01:31:12 IST" duration-ms="8" status="PASS">
          <reporter-output>
          </reporter-output>
        </test-method> <!-- WebLoginPersonalLoan -->
      </class> <!-- com.TestNG.Group.Personal_loan -->
    </test> <!-- Personal Loan -->
    <test started-at="2022-09-01T01:31:12 IST" name="Home Loan" finished-at="2022-09-01T01:31:12 IST" duration-ms="2">
    </test> <!-- Home Loan -->
    <test started-at="2022-09-01T01:31:12 IST" name="Car Loan" finished-at="2022-09-01T01:31:12 IST" duration-ms="5">
      <class name="com.TestNG.Group.Car_loan">
        <test-method signature="APILoginCarLoan()[pri:0, instance:com.TestNG.Group.Car_loan@66498326]" started-at="2022-09-01T01:31:12 IST" name="APILoginCarLoan" finished-at="2022-09-01T01:31:12 IST" duration-ms="1" status="PASS">
          <reporter-output>
          </reporter-output>
        </test-method> <!-- APILoginCarLoan -->
      </class> <!-- com.TestNG.Group.Car_loan -->
    </test> <!-- Car Loan -->
  </suite> <!-- Suite -->
</testng-results>
