<?xml version="1.0" encoding="UTF-8"?>
<testng-results ignored="0" total="2" passed="2" failed="0" skipped="0">
  <reporter-output>
    <line>
      <![CDATA[This test verifies the current selenium compatibility with TestNG by launching the chrome driver]]>
    </line>
    <line>
      <![CDATA[Launching Google Chrome Driver for this test]]>
    </line>
    <line>
      <![CDATA[The website used was DemoQA for this test]]>
    </line>
    <line>
      <![CDATA[Driver Closed After Testing]]>
    </line>
  </reporter-output>
  <suite started-at="2022-11-22T08:56:10 IST" name="Default suite" finished-at="2022-11-22T08:56:15 IST" duration-ms="5180">
    <groups>
    </groups>
    <test started-at="2022-11-22T08:56:10 IST" name="Default test" finished-at="2022-11-22T08:56:15 IST" duration-ms="5180">
      <class name="com.qa.testng.Report_Log">
        <test-method signature="OpenBrowser()[pri:-1, instance:com.qa.testng.Report_Log@5fa07e12]" started-at="2022-11-22T08:56:10 IST" name="OpenBrowser" finished-at="2022-11-22T08:56:14 IST" duration-ms="3927" status="PASS">
          <reporter-output>
            <line>
              <![CDATA[This test verifies the current selenium compatibility with TestNG by launching the chrome driver]]>
            </line>
            <line>
              <![CDATA[Launching Google Chrome Driver for this test]]>
            </line>
            <line>
              <![CDATA[The website used was DemoQA for this test]]>
            </line>
          </reporter-output>
        </test-method> <!-- OpenBrowser -->
        <test-method signature="CloseBrowser()[pri:0, instance:com.qa.testng.Report_Log@5fa07e12]" started-at="2022-11-22T08:56:14 IST" name="CloseBrowser" finished-at="2022-11-22T08:56:15 IST" duration-ms="1198" status="PASS">
          <reporter-output>
            <line>
              <![CDATA[Driver Closed After Testing]]>
            </line>
          </reporter-output>
        </test-method> <!-- CloseBrowser -->
      </class> <!-- com.qa.testng.Report_Log -->
    </test> <!-- Default test -->
  </suite> <!-- Default suite -->
</testng-results>
